2018-06-26 14:03:02.861 DEBUG 4660 --- [restartedMain] o.s.w.c.s.StandardServletEnvironment     : Adding PropertySource 'configurationProperties' with highest search precedence
2018-06-26 14:03:02.864 DEBUG 4660 --- [restartedMain] o.s.w.c.s.StandardServletEnvironment     : Adding PropertySource 'servletConfigInitParams' with lowest search precedence
2018-06-26 14:03:02.864 DEBUG 4660 --- [restartedMain] o.s.w.c.s.StandardServletEnvironment     : Adding PropertySource 'servletContextInitParams' with lowest search precedence
2018-06-26 14:03:02.864 DEBUG 4660 --- [restartedMain] o.s.w.c.s.StandardServletEnvironment     : Adding PropertySource 'systemProperties' with lowest search precedence
2018-06-26 14:03:02.864 DEBUG 4660 --- [restartedMain] o.s.w.c.s.StandardServletEnvironment     : Adding PropertySource 'systemEnvironment' with lowest search precedence
2018-06-26 14:03:02.865 DEBUG 4660 --- [restartedMain] o.s.w.c.s.StandardServletEnvironment     : Initialized StandardServletEnvironment with PropertySources [StubPropertySource {name='servletConfigInitParams'}, StubPropertySource {name='servletContextInitParams'}, MapPropertySource {name='systemProperties'}, SystemEnvironmentPropertySource {name='systemEnvironment'}]
2018-06-26 14:03:02.867  INFO 4660 --- [restartedMain] com.example.demo.Application             : Starting Application on DESKTOP-MKJQMBQ with PID 4660 (C:\Users\user\Documents\workspace-sts-3.9.4.RELEASE\180625_security01\target\classes started by user in C:\Users\user\Documents\workspace-sts-3.9.4.RELEASE\180625_security01)
2018-06-26 14:03:02.867  INFO 4660 --- [restartedMain] com.example.demo.Application             : No active profile set, falling back to default profiles: default
2018-06-26 14:03:02.869  INFO 4660 --- [restartedMain] ConfigServletWebServerApplicationContext : Refreshing org.springframework.boot.web.servlet.context.AnnotationConfigServletWebServerApplicationContext@71d7ee1d: startup date [Tue Jun 26 14:03:02 KST 2018]; root of context hierarchy
2018-06-26 14:03:03.163  WARN 4660 --- [restartedMain] o.m.s.mapper.ClassPathMapperScanner      : No MyBatis mapper was found in '[com.example.demo]' package. Please check your configuration.
2018-06-26 14:03:03.219 DEBUG 4660 --- [restartedMain] o.s.w.c.s.StandardServletEnvironment     : Removing PropertySource 'defaultProperties'
2018-06-26 14:03:03.240  INFO 4660 --- [restartedMain] trationDelegate$BeanPostProcessorChecker : Bean 'org.springframework.transaction.annotation.ProxyTransactionManagementConfiguration' of type [org.springframework.transaction.annotation.ProxyTransactionManagementConfiguration$$EnhancerBySpringCGLIB$$73f7a41a] is not eligible for getting processed by all BeanPostProcessors (for example: not eligible for auto-proxying)
2018-06-26 14:03:03.308  INFO 4660 --- [restartedMain] o.s.b.w.embedded.tomcat.TomcatWebServer  : Tomcat initialized with port(s): 8080 (http)
2018-06-26 14:03:03.309  INFO 4660 --- [restartedMain] o.apache.catalina.core.StandardService   : Starting service [Tomcat]
2018-06-26 14:03:03.309  INFO 4660 --- [restartedMain] org.apache.catalina.core.StandardEngine  : Starting Servlet Engine: Apache Tomcat/8.5.31
2018-06-26 14:03:03.327  INFO 4660 --- [localhost-startStop-1] o.a.c.c.C.[Tomcat].[localhost].[/]       : Initializing Spring embedded WebApplicationContext
2018-06-26 14:03:03.335 DEBUG 4660 --- [localhost-startStop-1] o.s.web.context.ContextLoader            : Published root WebApplicationContext as ServletContext attribute with name [org.springframework.web.context.WebApplicationContext.ROOT]
2018-06-26 14:03:03.335  INFO 4660 --- [localhost-startStop-1] o.s.web.context.ContextLoader            : Root WebApplicationContext: initialization completed in 466 ms
2018-06-26 14:03:03.365  INFO 4660 --- [localhost-startStop-1] o.s.b.w.servlet.FilterRegistrationBean   : Mapping filter: 'characterEncodingFilter' to: [/*]
2018-06-26 14:03:03.366  INFO 4660 --- [localhost-startStop-1] o.s.b.w.servlet.FilterRegistrationBean   : Mapping filter: 'hiddenHttpMethodFilter' to: [/*]
2018-06-26 14:03:03.366  INFO 4660 --- [localhost-startStop-1] o.s.b.w.servlet.FilterRegistrationBean   : Mapping filter: 'httpPutFormContentFilter' to: [/*]
2018-06-26 14:03:03.366  INFO 4660 --- [localhost-startStop-1] o.s.b.w.servlet.FilterRegistrationBean   : Mapping filter: 'requestContextFilter' to: [/*]
2018-06-26 14:03:03.366  INFO 4660 --- [localhost-startStop-1] .s.DelegatingFilterProxyRegistrationBean : Mapping filter: 'springSecurityFilterChain' to: [/*]
2018-06-26 14:03:03.366  INFO 4660 --- [localhost-startStop-1] o.s.b.w.servlet.ServletRegistrationBean  : Servlet dispatcherServlet mapped to [/]
2018-06-26 14:03:03.368 DEBUG 4660 --- [restartedMain] o.s.w.c.s.StandardServletEnvironment     : Replacing PropertySource 'servletContextInitParams' with 'servletContextInitParams'
2018-06-26 14:03:03.405  INFO 4660 --- [restartedMain] j.LocalContainerEntityManagerFactoryBean : Building JPA container EntityManagerFactory for persistence unit 'default'
2018-06-26 14:03:03.405  INFO 4660 --- [restartedMain] o.hibernate.jpa.internal.util.LogHelper  : HHH000204: Processing PersistenceUnitInfo [
	name: default
	...]
2018-06-26 14:03:03.413  INFO 4660 --- [restartedMain] com.zaxxer.hikari.HikariDataSource       : HikariPool-2 - Starting...
2018-06-26 14:03:03.418  INFO 4660 --- [restartedMain] com.zaxxer.hikari.HikariDataSource       : HikariPool-2 - Start completed.
2018-06-26 14:03:03.419  INFO 4660 --- [restartedMain] org.hibernate.dialect.Dialect            : HHH000400: Using dialect: org.hibernate.dialect.MySQL5InnoDBDialect
2018-06-26 14:03:03.466  INFO 4660 --- [restartedMain] j.LocalContainerEntityManagerFactoryBean : Initialized JPA EntityManagerFactory for persistence unit 'default'
2018-06-26 14:03:03.539  INFO 4660 --- [restartedMain] c.example.demo.security.SecurityConfig   : build Auth global
2018-06-26 14:03:03.553 DEBUG 4660 --- [restartedMain] eGlobalAuthenticationAutowiredConfigurer : Eagerly initializing {securityConfig=com.example.demo.security.SecurityConfig$$EnhancerBySpringCGLIB$$dd4acab5@2b00485d}
2018-06-26 14:03:03.553  INFO 4660 --- [restartedMain] c.example.demo.security.SecurityConfig   : security config..........
2018-06-26 14:03:03.559 DEBUG 4660 --- [restartedMain] edFilterInvocationSecurityMetadataSource : Adding web access control expression 'hasRole('ROLE_MANAGER')', for Ant [pattern='/manager/**']
2018-06-26 14:03:03.560 DEBUG 4660 --- [restartedMain] edFilterInvocationSecurityMetadataSource : Adding web access control expression 'hasRole('ROLE_AdDMIN')', for Ant [pattern='/admin/**']
2018-06-26 14:03:03.560 DEBUG 4660 --- [restartedMain] o.s.s.w.a.i.FilterSecurityInterceptor    : Validated configuration attributes
2018-06-26 14:03:03.560 DEBUG 4660 --- [restartedMain] o.s.s.w.a.i.FilterSecurityInterceptor    : Validated configuration attributes
2018-06-26 14:03:03.562  INFO 4660 --- [restartedMain] o.s.s.web.DefaultSecurityFilterChain     : Creating filter chain: org.springframework.security.web.util.matcher.AnyRequestMatcher@1, [org.springframework.security.web.context.request.async.WebAsyncManagerIntegrationFilter@5bbff0b9, org.springframework.security.web.context.SecurityContextPersistenceFilter@47e757c4, org.springframework.security.web.header.HeaderWriterFilter@7a52d45a, org.springframework.security.web.csrf.CsrfFilter@768f185d, org.springframework.security.web.authentication.logout.LogoutFilter@190b0202, org.springframework.security.web.authentication.UsernamePasswordAuthenticationFilter@3a156df9, org.springframework.security.web.savedrequest.RequestCacheAwareFilter@1b47de89, org.springframework.security.web.servletapi.SecurityContextHolderAwareRequestFilter@77db39bf, org.springframework.security.web.authentication.AnonymousAuthenticationFilter@2bf91828, org.springframework.security.web.session.SessionManagementFilter@49a4f35d, org.springframework.security.web.access.ExceptionTranslationFilter@48928ddc, org.springframework.security.web.access.intercept.FilterSecurityInterceptor@3395b457]
2018-06-26 14:03:03.574  INFO 4660 --- [restartedMain] o.s.w.s.handler.SimpleUrlHandlerMapping  : Mapped URL path [/**/favicon.ico] onto handler of type [class org.springframework.web.servlet.resource.ResourceHttpRequestHandler]
2018-06-26 14:03:03.609  INFO 4660 --- [restartedMain] s.w.s.m.m.a.RequestMappingHandlerAdapter : Looking for @ControllerAdvice: org.springframework.boot.web.servlet.context.AnnotationConfigServletWebServerApplicationContext@71d7ee1d: startup date [Tue Jun 26 14:03:02 KST 2018]; root of context hierarchy
2018-06-26 14:03:03.614  WARN 4660 --- [restartedMain] aWebConfiguration$JpaWebMvcConfiguration : spring.jpa.open-in-view is enabled by default. Therefore, database queries may be performed during view rendering. Explicitly configure spring.jpa.open-in-view to disable this warning
2018-06-26 14:03:03.617 DEBUG 4660 --- [restartedMain] s.w.s.m.m.a.RequestMappingHandlerMapping : Looking for request mappings in application context: org.springframework.boot.web.servlet.context.AnnotationConfigServletWebServerApplicationContext@71d7ee1d: startup date [Tue Jun 26 14:03:02 KST 2018]; root of context hierarchy
2018-06-26 14:03:03.617 DEBUG 4660 --- [restartedMain] s.w.s.m.m.a.RequestMappingHandlerMapping : 0 request handler methods found on class com.example.demo.controller.LoginController: {}
2018-06-26 14:03:03.618 DEBUG 4660 --- [restartedMain] s.w.s.m.m.a.RequestMappingHandlerMapping : 7 request handler methods found on class com.example.demo.controller.SampleController: {public java.lang.String com.example.demo.controller.SampleController.index()={[],methods=[GET]}, public void com.example.demo.controller.SampleController.forAdmin()={[/admin]}, public void com.example.demo.controller.SampleController.accessDenied()={[/accessDenied],methods=[GET]}, public void com.example.demo.controller.SampleController.forManager()={[/manager]}, public void com.example.demo.controller.SampleController.login()={[/login],methods=[GET]}, public void com.example.demo.controller.SampleController.logout()={[/logout],methods=[GET]}, public void com.example.demo.controller.SampleController.forGuest()={[/guest]}}
2018-06-26 14:03:03.618  INFO 4660 --- [restartedMain] s.w.s.m.m.a.RequestMappingHandlerMapping : Mapped "{[],methods=[GET]}" onto public java.lang.String com.example.demo.controller.SampleController.index()
2018-06-26 14:03:03.618  INFO 4660 --- [restartedMain] s.w.s.m.m.a.RequestMappingHandlerMapping : Mapped "{[/admin]}" onto public void com.example.demo.controller.SampleController.forAdmin()
2018-06-26 14:03:03.618  INFO 4660 --- [restartedMain] s.w.s.m.m.a.RequestMappingHandlerMapping : Mapped "{[/accessDenied],methods=[GET]}" onto public void com.example.demo.controller.SampleController.accessDenied()
2018-06-26 14:03:03.623  INFO 4660 --- [restartedMain] s.w.s.m.m.a.RequestMappingHandlerMapping : Mapped "{[/manager]}" onto public void com.example.demo.controller.SampleController.forManager()
2018-06-26 14:03:03.623  INFO 4660 --- [restartedMain] s.w.s.m.m.a.RequestMappingHandlerMapping : Mapped "{[/login],methods=[GET]}" onto public void com.example.demo.controller.SampleController.login()
2018-06-26 14:03:03.623  INFO 4660 --- [restartedMain] s.w.s.m.m.a.RequestMappingHandlerMapping : Mapped "{[/logout],methods=[GET]}" onto public void com.example.demo.controller.SampleController.logout()
2018-06-26 14:03:03.623  INFO 4660 --- [restartedMain] s.w.s.m.m.a.RequestMappingHandlerMapping : Mapped "{[/guest]}" onto public void com.example.demo.controller.SampleController.forGuest()
2018-06-26 14:03:03.624 DEBUG 4660 --- [restartedMain] s.w.s.m.m.a.RequestMappingHandlerMapping : 2 request handler methods found on class org.springframework.boot.autoconfigure.web.servlet.error.BasicErrorController: {public org.springframework.http.ResponseEntity org.springframework.boot.autoconfigure.web.servlet.error.BasicErrorController.error(javax.servlet.http.HttpServletRequest)={[/error]}, public org.springframework.web.servlet.ModelAndView org.springframework.boot.autoconfigure.web.servlet.error.BasicErrorController.errorHtml(javax.servlet.http.HttpServletRequest,javax.servlet.http.HttpServletResponse)={[/error],produces=[text/html]}}
2018-06-26 14:03:03.625  INFO 4660 --- [restartedMain] s.w.s.m.m.a.RequestMappingHandlerMapping : Mapped "{[/error]}" onto public org.springframework.http.ResponseEntity<java.util.Map<java.lang.String, java.lang.Object>> org.springframework.boot.autoconfigure.web.servlet.error.BasicErrorController.error(javax.servlet.http.HttpServletRequest)
2018-06-26 14:03:03.625  INFO 4660 --- [restartedMain] s.w.s.m.m.a.RequestMappingHandlerMapping : Mapped "{[/error],produces=[text/html]}" onto public org.springframework.web.servlet.ModelAndView org.springframework.boot.autoconfigure.web.servlet.error.BasicErrorController.errorHtml(javax.servlet.http.HttpServletRequest,javax.servlet.http.HttpServletResponse)
2018-06-26 14:03:03.631 DEBUG 4660 --- [restartedMain] o.s.w.s.h.BeanNameUrlHandlerMapping      : Looking for URL mappings in application context: org.springframework.boot.web.servlet.context.AnnotationConfigServletWebServerApplicationContext@71d7ee1d: startup date [Tue Jun 26 14:03:02 KST 2018]; root of context hierarchy
2018-06-26 14:03:03.631 DEBUG 4660 --- [restartedMain] o.s.w.s.h.BeanNameUrlHandlerMapping      : Rejected bean name 'org.springframework.context.annotation.internalConfigurationAnnotationProcessor': no URL paths identified
2018-06-26 14:03:03.631 DEBUG 4660 --- [restartedMain] o.s.w.s.h.BeanNameUrlHandlerMapping      : Rejected bean name 'org.springframework.context.annotation.internalAutowiredAnnotationProcessor': no URL paths identified
2018-06-26 14:03:03.631 DEBUG 4660 --- [restartedMain] o.s.w.s.h.BeanNameUrlHandlerMapping      : Rejected bean name 'org.springframework.context.annotation.internalRequiredAnnotationProcessor': no URL paths identified
2018-06-26 14:03:03.631 DEBUG 4660 --- [restartedMain] o.s.w.s.h.BeanNameUrlHandlerMapping      : Rejected bean name 'org.springframework.context.annotation.internalCommonAnnotationProcessor': no URL paths identified
2018-06-26 14:03:03.631 DEBUG 4660 --- [restartedMain] o.s.w.s.h.BeanNameUrlHandlerMapping      : Rejected bean name 'org.springframework.context.annotation.internalPersistenceAnnotationProcessor': no URL paths identified
2018-06-26 14:03:03.631 DEBUG 4660 --- [restartedMain] o.s.w.s.h.BeanNameUrlHandlerMapping      : Rejected bean name 'org.springframework.context.event.internalEventListenerProcessor': no URL paths identified
2018-06-26 14:03:03.631 DEBUG 4660 --- [restartedMain] o.s.w.s.h.BeanNameUrlHandlerMapping      : Rejected bean name 'org.springframework.context.event.internalEventListenerFactory': no URL paths identified
2018-06-26 14:03:03.631 DEBUG 4660 --- [restartedMain] o.s.w.s.h.BeanNameUrlHandlerMapping      : Rejected bean name 'application': no URL paths identified
2018-06-26 14:03:03.636 DEBUG 4660 --- [restartedMain] o.s.w.s.h.BeanNameUrlHandlerMapping      : Rejected bean name 'org.springframework.boot.autoconfigure.internalCachingMetadataReaderFactory': no URL paths identified
2018-06-26 14:03:03.636 DEBUG 4660 --- [restartedMain] o.s.w.s.h.BeanNameUrlHandlerMapping      : Rejected bean name 'loginController': no URL paths identified
2018-06-26 14:03:03.636 DEBUG 4660 --- [restartedMain] o.s.w.s.h.BeanNameUrlHandlerMapping      : Rejected bean name 'sampleController': no URL paths identified
2018-06-26 14:03:03.636 DEBUG 4660 --- [restartedMain] o.s.w.s.h.BeanNameUrlHandlerMapping      : Rejected bean name 'securityConfig': no URL paths identified
2018-06-26 14:03:03.636 DEBUG 4660 --- [restartedMain] o.s.w.s.h.BeanNameUrlHandlerMapping      : Rejected bean name 'securityUserService': no URL paths identified
2018-06-26 14:03:03.636 DEBUG 4660 --- [restartedMain] o.s.w.s.h.BeanNameUrlHandlerMapping      : Rejected bean name 'org.springframework.security.config.annotation.configuration.ObjectPostProcessorConfiguration': no URL paths identified
2018-06-26 14:03:03.636 DEBUG 4660 --- [restartedMain] o.s.w.s.h.BeanNameUrlHandlerMapping      : Rejected bean name 'objectPostProcessor': no URL paths identified
2018-06-26 14:03:03.636 DEBUG 4660 --- [restartedMain] o.s.w.s.h.BeanNameUrlHandlerMapping      : Rejected bean name 'org.springframework.security.config.annotation.authentication.configuration.AuthenticationConfiguration': no URL paths identified
2018-06-26 14:03:03.636 DEBUG 4660 --- [restartedMain] o.s.w.s.h.BeanNameUrlHandlerMapping      : Rejected bean name 'authenticationManagerBuilder': no URL paths identified
2018-06-26 14:03:03.636 DEBUG 4660 --- [restartedMain] o.s.w.s.h.BeanNameUrlHandlerMapping      : Rejected bean name 'enableGlobalAuthenticationAutowiredConfigurer': no URL paths identified
2018-06-26 14:03:03.636 DEBUG 4660 --- [restartedMain] o.s.w.s.h.BeanNameUrlHandlerMapping      : Rejected bean name 'initializeUserDetailsBeanManagerConfigurer': no URL paths identified
2018-06-26 14:03:03.636 DEBUG 4660 --- [restartedMain] o.s.w.s.h.BeanNameUrlHandlerMapping      : Rejected bean name 'initializeAuthenticationProviderBeanManagerConfigurer': no URL paths identified
2018-06-26 14:03:03.636 DEBUG 4660 --- [restartedMain] o.s.w.s.h.BeanNameUrlHandlerMapping      : Rejected bean name 'org.springframework.security.config.annotation.web.configuration.WebSecurityConfiguration': no URL paths identified
2018-06-26 14:03:03.636 DEBUG 4660 --- [restartedMain] o.s.w.s.h.BeanNameUrlHandlerMapping      : Rejected bean name 'delegatingApplicationListener': no URL paths identified
2018-06-26 14:03:03.636 DEBUG 4660 --- [restartedMain] o.s.w.s.h.BeanNameUrlHandlerMapping      : Rejected bean name 'webSecurityExpressionHandler': no URL paths identified
2018-06-26 14:03:03.636 DEBUG 4660 --- [restartedMain] o.s.w.s.h.BeanNameUrlHandlerMapping      : Rejected bean name 'springSecurityFilterChain': no URL paths identified
2018-06-26 14:03:03.636 DEBUG 4660 --- [restartedMain] o.s.w.s.h.BeanNameUrlHandlerMapping      : Rejected bean name 'privilegeEvaluator': no URL paths identified
2018-06-26 14:03:03.636 DEBUG 4660 --- [restartedMain] o.s.w.s.h.BeanNameUrlHandlerMapping      : Rejected bean name 'autowiredWebSecurityConfigurersIgnoreParents': no URL paths identified
2018-06-26 14:03:03.636 DEBUG 4660 --- [restartedMain] o.s.w.s.h.BeanNameUrlHandlerMapping      : Rejected bean name 'org.springframework.security.config.annotation.web.configuration.WebMvcSecurityConfiguration': no URL paths identified
2018-06-26 14:03:03.636 DEBUG 4660 --- [restartedMain] o.s.w.s.h.BeanNameUrlHandlerMapping      : Rejected bean name 'requestDataValueProcessor': no URL paths identified
2018-06-26 14:03:03.636 DEBUG 4660 --- [restartedMain] o.s.w.s.h.BeanNameUrlHandlerMapping      : Rejected bean name 'org.springframework.boot.autoconfigure.AutoConfigurationPackages': no URL paths identified
2018-06-26 14:03:03.636 DEBUG 4660 --- [restartedMain] o.s.w.s.h.BeanNameUrlHandlerMapping      : Rejected bean name 'org.springframework.boot.autoconfigure.context.PropertyPlaceholderAutoConfiguration': no URL paths identified
2018-06-26 14:03:03.636 DEBUG 4660 --- [restartedMain] o.s.w.s.h.BeanNameUrlHandlerMapping      : Rejected bean name 'org.springframework.boot.autoconfigure.condition.BeanTypeRegistry': no URL paths identified
2018-06-26 14:03:03.636 DEBUG 4660 --- [restartedMain] o.s.w.s.h.BeanNameUrlHandlerMapping      : Rejected bean name 'propertySourcesPlaceholderConfigurer': no URL paths identified
2018-06-26 14:03:03.636 DEBUG 4660 --- [restartedMain] o.s.w.s.h.BeanNameUrlHandlerMapping      : Rejected bean name 'org.springframework.boot.autoconfigure.websocket.servlet.WebSocketServletAutoConfiguration$TomcatWebSocketConfiguration': no URL paths identified
2018-06-26 14:03:03.636 DEBUG 4660 --- [restartedMain] o.s.w.s.h.BeanNameUrlHandlerMapping      : Rejected bean name 'websocketContainerCustomizer': no URL paths identified
2018-06-26 14:03:03.636 DEBUG 4660 --- [restartedMain] o.s.w.s.h.BeanNameUrlHandlerMapping      : Rejected bean name 'org.springframework.boot.autoconfigure.websocket.servlet.WebSocketServletAutoConfiguration': no URL paths identified
2018-06-26 14:03:03.636 DEBUG 4660 --- [restartedMain] o.s.w.s.h.BeanNameUrlHandlerMapping      : Rejected bean name 'org.springframework.boot.autoconfigure.web.servlet.ServletWebServerFactoryConfiguration$EmbeddedTomcat': no URL paths identified
2018-06-26 14:03:03.636 DEBUG 4660 --- [restartedMain] o.s.w.s.h.BeanNameUrlHandlerMapping      : Rejected bean name 'tomcatServletWebServerFactory': no URL paths identified
2018-06-26 14:03:03.636 DEBUG 4660 --- [restartedMain] o.s.w.s.h.BeanNameUrlHandlerMapping      : Rejected bean name 'org.springframework.boot.autoconfigure.web.servlet.ServletWebServerFactoryAutoConfiguration': no URL paths identified
2018-06-26 14:03:03.636 DEBUG 4660 --- [restartedMain] o.s.w.s.h.BeanNameUrlHandlerMapping      : Rejected bean name 'servletWebServerFactoryCustomizer': no URL paths identified
2018-06-26 14:03:03.636 DEBUG 4660 --- [restartedMain] o.s.w.s.h.BeanNameUrlHandlerMapping      : Rejected bean name 'tomcatServletWebServerFactoryCustomizer': no URL paths identified
2018-06-26 14:03:03.636 DEBUG 4660 --- [restartedMain] o.s.w.s.h.BeanNameUrlHandlerMapping      : Rejected bean name 'server-org.springframework.boot.autoconfigure.web.ServerProperties': no URL paths identified
2018-06-26 14:03:03.636 DEBUG 4660 --- [restartedMain] o.s.w.s.h.BeanNameUrlHandlerMapping      : Rejected bean name 'org.springframework.boot.context.properties.ConfigurationPropertiesBindingPostProcessor': no URL paths identified
2018-06-26 14:03:03.636 DEBUG 4660 --- [restartedMain] o.s.w.s.h.BeanNameUrlHandlerMapping      : Rejected bean name 'org.springframework.boot.context.properties.ConfigurationBeanFactoryMetadata': no URL paths identified
2018-06-26 14:03:03.636 DEBUG 4660 --- [restartedMain] o.s.w.s.h.BeanNameUrlHandlerMapping      : Rejected bean name 'webServerFactoryCustomizerBeanPostProcessor': no URL paths identified
2018-06-26 14:03:03.636 DEBUG 4660 --- [restartedMain] o.s.w.s.h.BeanNameUrlHandlerMapping      : Rejected bean name 'errorPageRegistrarBeanPostProcessor': no URL paths identified
2018-06-26 14:03:03.636 DEBUG 4660 --- [restartedMain] o.s.w.s.h.BeanNameUrlHandlerMapping      : Rejected bean name 'org.springframework.boot.autoconfigure.web.servlet.DispatcherServletAutoConfiguration$DispatcherServletConfiguration': no URL paths identified
2018-06-26 14:03:03.636 DEBUG 4660 --- [restartedMain] o.s.w.s.h.BeanNameUrlHandlerMapping      : Rejected bean name 'dispatcherServlet': no URL paths identified
2018-06-26 14:03:03.636 DEBUG 4660 --- [restartedMain] o.s.w.s.h.BeanNameUrlHandlerMapping      : Rejected bean name 'mainDispatcherServletPathProvider': no URL paths identified
2018-06-26 14:03:03.636 DEBUG 4660 --- [restartedMain] o.s.w.s.h.BeanNameUrlHandlerMapping      : Rejected bean name 'spring.mvc-org.springframework.boot.autoconfigure.web.servlet.WebMvcProperties': no URL paths identified
2018-06-26 14:03:03.636 DEBUG 4660 --- [restartedMain] o.s.w.s.h.BeanNameUrlHandlerMapping      : Rejected bean name 'org.springframework.boot.autoconfigure.web.servlet.DispatcherServletAutoConfiguration$DispatcherServletRegistrationConfiguration': no URL paths identified
2018-06-26 14:03:03.636 DEBUG 4660 --- [restartedMain] o.s.w.s.h.BeanNameUrlHandlerMapping      : Rejected bean name 'dispatcherServletRegistration': no URL paths identified
2018-06-26 14:03:03.636 DEBUG 4660 --- [restartedMain] o.s.w.s.h.BeanNameUrlHandlerMapping      : Rejected bean name 'org.springframework.boot.autoconfigure.web.servlet.DispatcherServletAutoConfiguration': no URL paths identified
2018-06-26 14:03:03.636 DEBUG 4660 --- [restartedMain] o.s.w.s.h.BeanNameUrlHandlerMapping      : Rejected bean name 'org.springframework.boot.autoconfigure.validation.ValidationAutoConfiguration': no URL paths identified
2018-06-26 14:03:03.636 DEBUG 4660 --- [restartedMain] o.s.w.s.h.BeanNameUrlHandlerMapping      : Rejected bean name 'defaultValidator': no URL paths identified
2018-06-26 14:03:03.636 DEBUG 4660 --- [restartedMain] o.s.w.s.h.BeanNameUrlHandlerMapping      : Rejected bean name 'methodValidationPostProcessor': no URL paths identified
2018-06-26 14:03:03.636 DEBUG 4660 --- [restartedMain] o.s.w.s.h.BeanNameUrlHandlerMapping      : Rejected bean name 'org.springframework.boot.autoconfigure.web.servlet.error.ErrorMvcAutoConfiguration$WhitelabelErrorViewConfiguration': no URL paths identified
2018-06-26 14:03:03.636 DEBUG 4660 --- [restartedMain] o.s.w.s.h.BeanNameUrlHandlerMapping      : Rejected bean name 'error': no URL paths identified
2018-06-26 14:03:03.636 DEBUG 4660 --- [restartedMain] o.s.w.s.h.BeanNameUrlHandlerMapping      : Rejected bean name 'beanNameViewResolver': no URL paths identified
2018-06-26 14:03:03.636 DEBUG 4660 --- [restartedMain] o.s.w.s.h.BeanNameUrlHandlerMapping      : Rejected bean name 'org.springframework.boot.autoconfigure.web.servlet.error.ErrorMvcAutoConfiguration$DefaultErrorViewResolverConfiguration': no URL paths identified
2018-06-26 14:03:03.636 DEBUG 4660 --- [restartedMain] o.s.w.s.h.BeanNameUrlHandlerMapping      : Rejected bean name 'conventionErrorViewResolver': no URL paths identified
2018-06-26 14:03:03.636 DEBUG 4660 --- [restartedMain] o.s.w.s.h.BeanNameUrlHandlerMapping      : Rejected bean name 'org.springframework.boot.autoconfigure.web.servlet.error.ErrorMvcAutoConfiguration': no URL paths identified
2018-06-26 14:03:03.636 DEBUG 4660 --- [restartedMain] o.s.w.s.h.BeanNameUrlHandlerMapping      : Rejected bean name 'errorAttributes': no URL paths identified
2018-06-26 14:03:03.636 DEBUG 4660 --- [restartedMain] o.s.w.s.h.BeanNameUrlHandlerMapping      : Rejected bean name 'basicErrorController': no URL paths identified
2018-06-26 14:03:03.636 DEBUG 4660 --- [restartedMain] o.s.w.s.h.BeanNameUrlHandlerMapping      : Rejected bean name 'errorPageCustomizer': no URL paths identified
2018-06-26 14:03:03.636 DEBUG 4660 --- [restartedMain] o.s.w.s.h.BeanNameUrlHandlerMapping      : Rejected bean name 'preserveErrorControllerTargetClassPostProcessor': no URL paths identified
2018-06-26 14:03:03.636 DEBUG 4660 --- [restartedMain] o.s.w.s.h.BeanNameUrlHandlerMapping      : Rejected bean name 'spring.resources-org.springframework.boot.autoconfigure.web.ResourceProperties': no URL paths identified
2018-06-26 14:03:03.636 DEBUG 4660 --- [restartedMain] o.s.w.s.h.BeanNameUrlHandlerMapping      : Rejected bean name 'org.springframework.boot.autoconfigure.web.servlet.WebMvcAutoConfiguration$WebMvcAutoConfigurationAdapter$FaviconConfiguration': no URL paths identified
2018-06-26 14:03:03.636 DEBUG 4660 --- [restartedMain] o.s.w.s.h.BeanNameUrlHandlerMapping      : Rejected bean name 'faviconHandlerMapping': no URL paths identified
2018-06-26 14:03:03.637 DEBUG 4660 --- [restartedMain] o.s.w.s.h.BeanNameUrlHandlerMapping      : Rejected bean name 'faviconRequestHandler': no URL paths identified
2018-06-26 14:03:03.637 DEBUG 4660 --- [restartedMain] o.s.w.s.h.BeanNameUrlHandlerMapping      : Rejected bean name 'org.springframework.boot.autoconfigure.web.servlet.WebMvcAutoConfiguration$EnableWebMvcConfiguration': no URL paths identified
2018-06-26 14:03:03.637 DEBUG 4660 --- [restartedMain] o.s.w.s.h.BeanNameUrlHandlerMapping      : Rejected bean name 'requestMappingHandlerAdapter': no URL paths identified
2018-06-26 14:03:03.637 DEBUG 4660 --- [restartedMain] o.s.w.s.h.BeanNameUrlHandlerMapping      : Rejected bean name 'requestMappingHandlerMapping': no URL paths identified
2018-06-26 14:03:03.641 DEBUG 4660 --- [restartedMain] o.s.w.s.h.BeanNameUrlHandlerMapping      : Rejected bean name 'mvcConversionService': no URL paths identified
2018-06-26 14:03:03.641 DEBUG 4660 --- [restartedMain] o.s.w.s.h.BeanNameUrlHandlerMapping      : Rejected bean name 'mvcValidator': no URL paths identified
2018-06-26 14:03:03.641 DEBUG 4660 --- [restartedMain] o.s.w.s.h.BeanNameUrlHandlerMapping      : Rejected bean name 'mvcContentNegotiationManager': no URL paths identified
2018-06-26 14:03:03.641 DEBUG 4660 --- [restartedMain] o.s.w.s.h.BeanNameUrlHandlerMapping      : Rejected bean name 'mvcPathMatcher': no URL paths identified
2018-06-26 14:03:03.641 DEBUG 4660 --- [restartedMain] o.s.w.s.h.BeanNameUrlHandlerMapping      : Rejected bean name 'mvcUrlPathHelper': no URL paths identified
2018-06-26 14:03:03.641 DEBUG 4660 --- [restartedMain] o.s.w.s.h.BeanNameUrlHandlerMapping      : Rejected bean name 'viewControllerHandlerMapping': no URL paths identified
2018-06-26 14:03:03.641 DEBUG 4660 --- [restartedMain] o.s.w.s.h.BeanNameUrlHandlerMapping      : Rejected bean name 'beanNameHandlerMapping': no URL paths identified
2018-06-26 14:03:03.641 DEBUG 4660 --- [restartedMain] o.s.w.s.h.BeanNameUrlHandlerMapping      : Rejected bean name 'resourceHandlerMapping': no URL paths identified
2018-06-26 14:03:03.641 DEBUG 4660 --- [restartedMain] o.s.w.s.h.BeanNameUrlHandlerMapping      : Rejected bean name 'mvcResourceUrlProvider': no URL paths identified
2018-06-26 14:03:03.641 DEBUG 4660 --- [restartedMain] o.s.w.s.h.BeanNameUrlHandlerMapping      : Rejected bean name 'defaultServletHandlerMapping': no URL paths identified
2018-06-26 14:03:03.641 DEBUG 4660 --- [restartedMain] o.s.w.s.h.BeanNameUrlHandlerMapping      : Rejected bean name 'mvcUriComponentsContributor': no URL paths identified
2018-06-26 14:03:03.641 DEBUG 4660 --- [restartedMain] o.s.w.s.h.BeanNameUrlHandlerMapping      : Rejected bean name 'httpRequestHandlerAdapter': no URL paths identified
2018-06-26 14:03:03.641 DEBUG 4660 --- [restartedMain] o.s.w.s.h.BeanNameUrlHandlerMapping      : Rejected bean name 'simpleControllerHandlerAdapter': no URL paths identified
2018-06-26 14:03:03.641 DEBUG 4660 --- [restartedMain] o.s.w.s.h.BeanNameUrlHandlerMapping      : Rejected bean name 'handlerExceptionResolver': no URL paths identified
2018-06-26 14:03:03.641 DEBUG 4660 --- [restartedMain] o.s.w.s.h.BeanNameUrlHandlerMapping      : Rejected bean name 'mvcViewResolver': no URL paths identified
2018-06-26 14:03:03.641 DEBUG 4660 --- [restartedMain] o.s.w.s.h.BeanNameUrlHandlerMapping      : Rejected bean name 'mvcHandlerMappingIntrospector': no URL paths identified
2018-06-26 14:03:03.641 DEBUG 4660 --- [restartedMain] o.s.w.s.h.BeanNameUrlHandlerMapping      : Rejected bean name 'org.springframework.boot.autoconfigure.web.servlet.WebMvcAutoConfiguration$WebMvcAutoConfigurationAdapter': no URL paths identified
2018-06-26 14:03:03.641 DEBUG 4660 --- [restartedMain] o.s.w.s.h.BeanNameUrlHandlerMapping      : Rejected bean name 'defaultViewResolver': no URL paths identified
2018-06-26 14:03:03.641 DEBUG 4660 --- [restartedMain] o.s.w.s.h.BeanNameUrlHandlerMapping      : Rejected bean name 'viewResolver': no URL paths identified
2018-06-26 14:03:03.641 DEBUG 4660 --- [restartedMain] o.s.w.s.h.BeanNameUrlHandlerMapping      : Rejected bean name 'welcomePageHandlerMapping': no URL paths identified
2018-06-26 14:03:03.641 DEBUG 4660 --- [restartedMain] o.s.w.s.h.BeanNameUrlHandlerMapping      : Rejected bean name 'requestContextFilter': no URL paths identified
2018-06-26 14:03:03.641 DEBUG 4660 --- [restartedMain] o.s.w.s.h.BeanNameUrlHandlerMapping      : Rejected bean name 'org.springframework.boot.autoconfigure.web.servlet.WebMvcAutoConfiguration': no URL paths identified
2018-06-26 14:03:03.641 DEBUG 4660 --- [restartedMain] o.s.w.s.h.BeanNameUrlHandlerMapping      : Rejected bean name 'hiddenHttpMethodFilter': no URL paths identified
2018-06-26 14:03:03.641 DEBUG 4660 --- [restartedMain] o.s.w.s.h.BeanNameUrlHandlerMapping      : Rejected bean name 'httpPutFormContentFilter': no URL paths identified
2018-06-26 14:03:03.641 DEBUG 4660 --- [restartedMain] o.s.w.s.h.BeanNameUrlHandlerMapping      : Rejected bean name 'org.springframework.boot.autoconfigure.transaction.jta.JtaAutoConfiguration': no URL paths identified
2018-06-26 14:03:03.641 DEBUG 4660 --- [restartedMain] o.s.w.s.h.BeanNameUrlHandlerMapping      : Rejected bean name 'spring.jta-org.springframework.boot.autoconfigure.transaction.jta.JtaProperties': no URL paths identified
2018-06-26 14:03:03.641 DEBUG 4660 --- [restartedMain] o.s.w.s.h.BeanNameUrlHandlerMapping      : Rejected bean name 'org.springframework.boot.autoconfigure.jdbc.DataSourceConfiguration$Hikari': no URL paths identified
2018-06-26 14:03:03.641 DEBUG 4660 --- [restartedMain] o.s.w.s.h.BeanNameUrlHandlerMapping      : Rejected bean name 'dataSource': no URL paths identified
2018-06-26 14:03:03.641 DEBUG 4660 --- [restartedMain] o.s.w.s.h.BeanNameUrlHandlerMapping      : Rejected bean name 'org.springframework.boot.autoconfigure.jdbc.DataSourceJmxConfiguration$Hikari': no URL paths identified
2018-06-26 14:03:03.641 DEBUG 4660 --- [restartedMain] o.s.w.s.h.BeanNameUrlHandlerMapping      : Rejected bean name 'org.springframework.boot.autoconfigure.jdbc.DataSourceJmxConfiguration': no URL paths identified
2018-06-26 14:03:03.641 DEBUG 4660 --- [restartedMain] o.s.w.s.h.BeanNameUrlHandlerMapping      : Rejected bean name 'org.springframework.boot.autoconfigure.jdbc.DataSourceAutoConfiguration$PooledDataSourceConfiguration': no URL paths identified
2018-06-26 14:03:03.641 DEBUG 4660 --- [restartedMain] o.s.w.s.h.BeanNameUrlHandlerMapping      : Rejected bean name 'org.springframework.boot.autoconfigure.jdbc.metadata.DataSourcePoolMetadataProvidersConfiguration$HikariPoolDataSourceMetadataProviderConfiguration': no URL paths identified
2018-06-26 14:03:03.641 DEBUG 4660 --- [restartedMain] o.s.w.s.h.BeanNameUrlHandlerMapping      : Rejected bean name 'hikariPoolDataSourceMetadataProvider': no URL paths identified
2018-06-26 14:03:03.641 DEBUG 4660 --- [restartedMain] o.s.w.s.h.BeanNameUrlHandlerMapping      : Rejected bean name 'org.springframework.boot.autoconfigure.jdbc.metadata.DataSourcePoolMetadataProvidersConfiguration': no URL paths identified
2018-06-26 14:03:03.641 DEBUG 4660 --- [restartedMain] o.s.w.s.h.BeanNameUrlHandlerMapping      : Rejected bean name 'org.springframework.boot.autoconfigure.jdbc.DataSourceInitializerInvoker': no URL paths identified
2018-06-26 14:03:03.641 DEBUG 4660 --- [restartedMain] o.s.w.s.h.BeanNameUrlHandlerMapping      : Rejected bean name 'org.springframework.boot.autoconfigure.jdbc.DataSourceInitializationConfiguration': no URL paths identified
2018-06-26 14:03:03.641 DEBUG 4660 --- [restartedMain] o.s.w.s.h.BeanNameUrlHandlerMapping      : Rejected bean name 'dataSourceInitializerPostProcessor': no URL paths identified
2018-06-26 14:03:03.641 DEBUG 4660 --- [restartedMain] o.s.w.s.h.BeanNameUrlHandlerMapping      : Rejected bean name 'org.springframework.boot.autoconfigure.jdbc.DataSourceAutoConfiguration': no URL paths identified
2018-06-26 14:03:03.641 DEBUG 4660 --- [restartedMain] o.s.w.s.h.BeanNameUrlHandlerMapping      : Rejected bean name 'spring.datasource-org.springframework.boot.autoconfigure.jdbc.DataSourceProperties': no URL paths identified
2018-06-26 14:03:03.641 DEBUG 4660 --- [restartedMain] o.s.w.s.h.BeanNameUrlHandlerMapping      : Rejected bean name 'org.mybatis.spring.boot.autoconfigure.MybatisAutoConfiguration$MapperScannerRegistrarNotFoundConfiguration': no URL paths identified
2018-06-26 14:03:03.641 DEBUG 4660 --- [restartedMain] o.s.w.s.h.BeanNameUrlHandlerMapping      : Rejected bean name 'org.mybatis.spring.boot.autoconfigure.MybatisAutoConfiguration': no URL paths identified
2018-06-26 14:03:03.641 DEBUG 4660 --- [restartedMain] o.s.w.s.h.BeanNameUrlHandlerMapping      : Rejected bean name 'sqlSessionFactory': no URL paths identified
2018-06-26 14:03:03.641 DEBUG 4660 --- [restartedMain] o.s.w.s.h.BeanNameUrlHandlerMapping      : Rejected bean name 'sqlSessionTemplate': no URL paths identified
2018-06-26 14:03:03.641 DEBUG 4660 --- [restartedMain] o.s.w.s.h.BeanNameUrlHandlerMapping      : Rejected bean name 'mybatis-org.mybatis.spring.boot.autoconfigure.MybatisProperties': no URL paths identified
2018-06-26 14:03:03.641 DEBUG 4660 --- [restartedMain] o.s.w.s.h.BeanNameUrlHandlerMapping      : Rejected bean name 'org.springframework.boot.autoconfigure.jmx.JmxAutoConfiguration': no URL paths identified
2018-06-26 14:03:03.641 DEBUG 4660 --- [restartedMain] o.s.w.s.h.BeanNameUrlHandlerMapping      : Rejected bean name 'mbeanExporter': no URL paths identified
2018-06-26 14:03:03.641 DEBUG 4660 --- [restartedMain] o.s.w.s.h.BeanNameUrlHandlerMapping      : Rejected bean name 'objectNamingStrategy': no URL paths identified
2018-06-26 14:03:03.641 DEBUG 4660 --- [restartedMain] o.s.w.s.h.BeanNameUrlHandlerMapping      : Rejected bean name 'mbeanServer': no URL paths identified
2018-06-26 14:03:03.642 DEBUG 4660 --- [restartedMain] o.s.w.s.h.BeanNameUrlHandlerMapping      : Rejected bean name 'org.springframework.boot.autoconfigure.admin.SpringApplicationAdminJmxAutoConfiguration': no URL paths identified
2018-06-26 14:03:03.642 DEBUG 4660 --- [restartedMain] o.s.w.s.h.BeanNameUrlHandlerMapping      : Rejected bean name 'springApplicationAdminRegistrar': no URL paths identified
2018-06-26 14:03:03.642 DEBUG 4660 --- [restartedMain] o.s.w.s.h.BeanNameUrlHandlerMapping      : Rejected bean name 'org.springframework.boot.autoconfigure.aop.AopAutoConfiguration$CglibAutoProxyConfiguration': no URL paths identified
2018-06-26 14:03:03.642 DEBUG 4660 --- [restartedMain] o.s.w.s.h.BeanNameUrlHandlerMapping      : Rejected bean name 'org.springframework.aop.config.internalAutoProxyCreator': no URL paths identified
2018-06-26 14:03:03.642 DEBUG 4660 --- [restartedMain] o.s.w.s.h.BeanNameUrlHandlerMapping      : Rejected bean name 'org.springframework.boot.autoconfigure.aop.AopAutoConfiguration': no URL paths identified
2018-06-26 14:03:03.642 DEBUG 4660 --- [restartedMain] o.s.w.s.h.BeanNameUrlHandlerMapping      : Rejected bean name 'org.springframework.boot.autoconfigure.context.ConfigurationPropertiesAutoConfiguration': no URL paths identified
2018-06-26 14:03:03.642 DEBUG 4660 --- [restartedMain] o.s.w.s.h.BeanNameUrlHandlerMapping      : Rejected bean name 'org.springframework.boot.autoconfigure.dao.PersistenceExceptionTranslationAutoConfiguration': no URL paths identified
2018-06-26 14:03:03.642 DEBUG 4660 --- [restartedMain] o.s.w.s.h.BeanNameUrlHandlerMapping      : Rejected bean name 'persistenceExceptionTranslationPostProcessor': no URL paths identified
2018-06-26 14:03:03.642 DEBUG 4660 --- [restartedMain] o.s.w.s.h.BeanNameUrlHandlerMapping      : Rejected bean name 'org.springframework.boot.autoconfigure.orm.jpa.JpaBaseConfiguration$JpaWebConfiguration$JpaWebMvcConfiguration': no URL paths identified
2018-06-26 14:03:03.642 DEBUG 4660 --- [restartedMain] o.s.w.s.h.BeanNameUrlHandlerMapping      : Rejected bean name 'openEntityManagerInViewInterceptor': no URL paths identified
2018-06-26 14:03:03.642 DEBUG 4660 --- [restartedMain] o.s.w.s.h.BeanNameUrlHandlerMapping      : Rejected bean name 'org.springframework.boot.autoconfigure.orm.jpa.JpaBaseConfiguration$JpaWebConfiguration': no URL paths identified
2018-06-26 14:03:03.642 DEBUG 4660 --- [restartedMain] o.s.w.s.h.BeanNameUrlHandlerMapping      : Rejected bean name 'org.springframework.boot.autoconfigure.orm.jpa.HibernateJpaConfiguration': no URL paths identified
2018-06-26 14:03:03.642 DEBUG 4660 --- [restartedMain] o.s.w.s.h.BeanNameUrlHandlerMapping      : Rejected bean name 'transactionManager': no URL paths identified
2018-06-26 14:03:03.642 DEBUG 4660 --- [restartedMain] o.s.w.s.h.BeanNameUrlHandlerMapping      : Rejected bean name 'jpaVendorAdapter': no URL paths identified
2018-06-26 14:03:03.642 DEBUG 4660 --- [restartedMain] o.s.w.s.h.BeanNameUrlHandlerMapping      : Rejected bean name 'entityManagerFactoryBuilder': no URL paths identified
2018-06-26 14:03:03.642 DEBUG 4660 --- [restartedMain] o.s.w.s.h.BeanNameUrlHandlerMapping      : Rejected bean name 'entityManagerFactory': no URL paths identified
2018-06-26 14:03:03.642 DEBUG 4660 --- [restartedMain] o.s.w.s.h.BeanNameUrlHandlerMapping      : Rejected bean name 'spring.jpa-org.springframework.boot.autoconfigure.orm.jpa.JpaProperties': no URL paths identified
2018-06-26 14:03:03.642 DEBUG 4660 --- [restartedMain] o.s.w.s.h.BeanNameUrlHandlerMapping      : Rejected bean name 'dataSourceInitializedPublisher': no URL paths identified
2018-06-26 14:03:03.642 DEBUG 4660 --- [restartedMain] o.s.w.s.h.BeanNameUrlHandlerMapping      : Rejected bean name 'org.springframework.boot.autoconfigure.orm.jpa.HibernateJpaAutoConfiguration': no URL paths identified
2018-06-26 14:03:03.642 DEBUG 4660 --- [restartedMain] o.s.w.s.h.BeanNameUrlHandlerMapping      : Rejected bean name 'org.springframework.boot.autoconfigure.data.jpa.JpaRepositoriesAutoConfiguration': no URL paths identified
2018-06-26 14:03:03.642 DEBUG 4660 --- [restartedMain] o.s.w.s.h.BeanNameUrlHandlerMapping      : Rejected bean name 'emBeanDefinitionRegistrarPostProcessor': no URL paths identified
2018-06-26 14:03:03.642 DEBUG 4660 --- [restartedMain] o.s.w.s.h.BeanNameUrlHandlerMapping      : Rejected bean name 'jpaMappingContext': no URL paths identified
2018-06-26 14:03:03.642 DEBUG 4660 --- [restartedMain] o.s.w.s.h.BeanNameUrlHandlerMapping      : Rejected bean name 'jpaContext': no URL paths identified
2018-06-26 14:03:03.642 DEBUG 4660 --- [restartedMain] o.s.w.s.h.BeanNameUrlHandlerMapping      : Rejected bean name 'memberRepostory': no URL paths identified
2018-06-26 14:03:03.642 DEBUG 4660 --- [restartedMain] o.s.w.s.h.BeanNameUrlHandlerMapping      : Rejected bean name 'org.springframework.boot.autoconfigure.jackson.JacksonAutoConfiguration$Jackson2ObjectMapperBuilderCustomizerConfiguration': no URL paths identified
2018-06-26 14:03:03.642 DEBUG 4660 --- [restartedMain] o.s.w.s.h.BeanNameUrlHandlerMapping      : Rejected bean name 'standardJacksonObjectMapperBuilderCustomizer': no URL paths identified
2018-06-26 14:03:03.642 DEBUG 4660 --- [restartedMain] o.s.w.s.h.BeanNameUrlHandlerMapping      : Rejected bean name 'spring.jackson-org.springframework.boot.autoconfigure.jackson.JacksonProperties': no URL paths identified
2018-06-26 14:03:03.642 DEBUG 4660 --- [restartedMain] o.s.w.s.h.BeanNameUrlHandlerMapping      : Rejected bean name 'org.springframework.boot.autoconfigure.jackson.JacksonAutoConfiguration$JacksonObjectMapperBuilderConfiguration': no URL paths identified
2018-06-26 14:03:03.642 DEBUG 4660 --- [restartedMain] o.s.w.s.h.BeanNameUrlHandlerMapping      : Rejected bean name 'jacksonObjectMapperBuilder': no URL paths identified
2018-06-26 14:03:03.642 DEBUG 4660 --- [restartedMain] o.s.w.s.h.BeanNameUrlHandlerMapping      : Rejected bean name 'org.springframework.boot.autoconfigure.jackson.JacksonAutoConfiguration$ParameterNamesModuleConfiguration': no URL paths identified
2018-06-26 14:03:03.642 DEBUG 4660 --- [restartedMain] o.s.w.s.h.BeanNameUrlHandlerMapping      : Rejected bean name 'parameterNamesModule': no URL paths identified
2018-06-26 14:03:03.642 DEBUG 4660 --- [restartedMain] o.s.w.s.h.BeanNameUrlHandlerMapping      : Rejected bean name 'org.springframework.boot.autoconfigure.jackson.JacksonAutoConfiguration$JacksonObjectMapperConfiguration': no URL paths identified
2018-06-26 14:03:03.642 DEBUG 4660 --- [restartedMain] o.s.w.s.h.BeanNameUrlHandlerMapping      : Rejected bean name 'jacksonObjectMapper': no URL paths identified
2018-06-26 14:03:03.642 DEBUG 4660 --- [restartedMain] o.s.w.s.h.BeanNameUrlHandlerMapping      : Rejected bean name 'org.springframework.boot.autoconfigure.jackson.JacksonAutoConfiguration': no URL paths identified
2018-06-26 14:03:03.642 DEBUG 4660 --- [restartedMain] o.s.w.s.h.BeanNameUrlHandlerMapping      : Rejected bean name 'jsonComponentModule': no URL paths identified
2018-06-26 14:03:03.642 DEBUG 4660 --- [restartedMain] o.s.w.s.h.BeanNameUrlHandlerMapping      : Rejected bean name 'org.springframework.boot.autoconfigure.http.HttpMessageConvertersAutoConfiguration$StringHttpMessageConverterConfiguration': no URL paths identified
2018-06-26 14:03:03.642 DEBUG 4660 --- [restartedMain] o.s.w.s.h.BeanNameUrlHandlerMapping      : Rejected bean name 'stringHttpMessageConverter': no URL paths identified
2018-06-26 14:03:03.642 DEBUG 4660 --- [restartedMain] o.s.w.s.h.BeanNameUrlHandlerMapping      : Rejected bean name 'spring.http.encoding-org.springframework.boot.autoconfigure.http.HttpEncodingProperties': no URL paths identified
2018-06-26 14:03:03.642 DEBUG 4660 --- [restartedMain] o.s.w.s.h.BeanNameUrlHandlerMapping      : Rejected bean name 'org.springframework.boot.autoconfigure.http.JacksonHttpMessageConvertersConfiguration$MappingJackson2HttpMessageConverterConfiguration': no URL paths identified
2018-06-26 14:03:03.642 DEBUG 4660 --- [restartedMain] o.s.w.s.h.BeanNameUrlHandlerMapping      : Rejected bean name 'mappingJackson2HttpMessageConverter': no URL paths identified
2018-06-26 14:03:03.642 DEBUG 4660 --- [restartedMain] o.s.w.s.h.BeanNameUrlHandlerMapping      : Rejected bean name 'org.springframework.boot.autoconfigure.http.JacksonHttpMessageConvertersConfiguration': no URL paths identified
2018-06-26 14:03:03.642 DEBUG 4660 --- [restartedMain] o.s.w.s.h.BeanNameUrlHandlerMapping      : Rejected bean name 'org.springframework.boot.autoconfigure.http.HttpMessageConvertersAutoConfiguration': no URL paths identified
2018-06-26 14:03:03.642 DEBUG 4660 --- [restartedMain] o.s.w.s.h.BeanNameUrlHandlerMapping      : Rejected bean name 'messageConverters': no URL paths identified
2018-06-26 14:03:03.642 DEBUG 4660 --- [restartedMain] o.s.w.s.h.BeanNameUrlHandlerMapping      : Rejected bean name 'org.springframework.data.web.config.ProjectingArgumentResolverRegistrar': no URL paths identified
2018-06-26 14:03:03.642 DEBUG 4660 --- [restartedMain] o.s.w.s.h.BeanNameUrlHandlerMapping      : Rejected bean name 'projectingArgumentResolverBeanPostProcessor': no URL paths identified
2018-06-26 14:03:03.642 DEBUG 4660 --- [restartedMain] o.s.w.s.h.BeanNameUrlHandlerMapping      : Rejected bean name 'org.springframework.data.web.config.SpringDataWebConfiguration': no URL paths identified
2018-06-26 14:03:03.642 DEBUG 4660 --- [restartedMain] o.s.w.s.h.BeanNameUrlHandlerMapping      : Rejected bean name 'pageableResolver': no URL paths identified
2018-06-26 14:03:03.642 DEBUG 4660 --- [restartedMain] o.s.w.s.h.BeanNameUrlHandlerMapping      : Rejected bean name 'sortResolver': no URL paths identified
2018-06-26 14:03:03.642 DEBUG 4660 --- [restartedMain] o.s.w.s.h.BeanNameUrlHandlerMapping      : Rejected bean name 'org.springframework.data.web.config.SpringDataJacksonConfiguration': no URL paths identified
2018-06-26 14:03:03.642 DEBUG 4660 --- [restartedMain] o.s.w.s.h.BeanNameUrlHandlerMapping      : Rejected bean name 'jacksonGeoModule': no URL paths identified
2018-06-26 14:03:03.642 DEBUG 4660 --- [restartedMain] o.s.w.s.h.BeanNameUrlHandlerMapping      : Rejected bean name 'org.springframework.boot.autoconfigure.data.web.SpringDataWebAutoConfiguration': no URL paths identified
2018-06-26 14:03:03.642 DEBUG 4660 --- [restartedMain] o.s.w.s.h.BeanNameUrlHandlerMapping      : Rejected bean name 'pageableCustomizer': no URL paths identified
2018-06-26 14:03:03.642 DEBUG 4660 --- [restartedMain] o.s.w.s.h.BeanNameUrlHandlerMapping      : Rejected bean name 'sortCustomizer': no URL paths identified
2018-06-26 14:03:03.642 DEBUG 4660 --- [restartedMain] o.s.w.s.h.BeanNameUrlHandlerMapping      : Rejected bean name 'spring.data.web-org.springframework.boot.autoconfigure.data.web.SpringDataWebProperties': no URL paths identified
2018-06-26 14:03:03.642 DEBUG 4660 --- [restartedMain] o.s.w.s.h.BeanNameUrlHandlerMapping      : Rejected bean name 'org.springframework.boot.autoconfigure.http.codec.CodecsAutoConfiguration$JacksonCodecConfiguration': no URL paths identified
2018-06-26 14:03:03.642 DEBUG 4660 --- [restartedMain] o.s.w.s.h.BeanNameUrlHandlerMapping      : Rejected bean name 'jacksonCodecCustomizer': no URL paths identified
2018-06-26 14:03:03.642 DEBUG 4660 --- [restartedMain] o.s.w.s.h.BeanNameUrlHandlerMapping      : Rejected bean name 'org.springframework.boot.autoconfigure.http.codec.CodecsAutoConfiguration': no URL paths identified
2018-06-26 14:03:03.642 DEBUG 4660 --- [restartedMain] o.s.w.s.h.BeanNameUrlHandlerMapping      : Rejected bean name 'org.springframework.boot.autoconfigure.info.ProjectInfoAutoConfiguration': no URL paths identified
2018-06-26 14:03:03.642 DEBUG 4660 --- [restartedMain] o.s.w.s.h.BeanNameUrlHandlerMapping      : Rejected bean name 'spring.info-org.springframework.boot.autoconfigure.info.ProjectInfoProperties': no URL paths identified
2018-06-26 14:03:03.642 DEBUG 4660 --- [restartedMain] o.s.w.s.h.BeanNameUrlHandlerMapping      : Rejected bean name 'org.springframework.boot.autoconfigure.jdbc.JdbcTemplateAutoConfiguration$JdbcTemplateConfiguration': no URL paths identified
2018-06-26 14:03:03.642 DEBUG 4660 --- [restartedMain] o.s.w.s.h.BeanNameUrlHandlerMapping      : Rejected bean name 'jdbcTemplate': no URL paths identified
2018-06-26 14:03:03.642 DEBUG 4660 --- [restartedMain] o.s.w.s.h.BeanNameUrlHandlerMapping      : Rejected bean name 'org.springframework.boot.autoconfigure.jdbc.JdbcTemplateAutoConfiguration$NamedParameterJdbcTemplateConfiguration': no URL paths identified
2018-06-26 14:03:03.642 DEBUG 4660 --- [restartedMain] o.s.w.s.h.BeanNameUrlHandlerMapping      : Rejected bean name 'namedParameterJdbcTemplate': no URL paths identified
2018-06-26 14:03:03.642 DEBUG 4660 --- [restartedMain] o.s.w.s.h.BeanNameUrlHandlerMapping      : Rejected bean name 'org.springframework.boot.autoconfigure.jdbc.JdbcTemplateAutoConfiguration': no URL paths identified
2018-06-26 14:03:03.642 DEBUG 4660 --- [restartedMain] o.s.w.s.h.BeanNameUrlHandlerMapping      : Rejected bean name 'spring.jdbc-org.springframework.boot.autoconfigure.jdbc.JdbcProperties': no URL paths identified
2018-06-26 14:03:03.642 DEBUG 4660 --- [restartedMain] o.s.w.s.h.BeanNameUrlHandlerMapping      : Rejected bean name 'org.springframework.boot.autoconfigure.security.reactive.ReactiveSecurityAutoConfiguration': no URL paths identified
2018-06-26 14:03:03.642 DEBUG 4660 --- [restartedMain] o.s.w.s.h.BeanNameUrlHandlerMapping      : Rejected bean name 'spring.security-org.springframework.boot.autoconfigure.security.SecurityProperties': no URL paths identified
2018-06-26 14:03:03.643 DEBUG 4660 --- [restartedMain] o.s.w.s.h.BeanNameUrlHandlerMapping      : Rejected bean name 'org.springframework.boot.autoconfigure.security.servlet.SecurityAutoConfiguration': no URL paths identified
2018-06-26 14:03:03.643 DEBUG 4660 --- [restartedMain] o.s.w.s.h.BeanNameUrlHandlerMapping      : Rejected bean name 'authenticationEventPublisher': no URL paths identified
2018-06-26 14:03:03.643 DEBUG 4660 --- [restartedMain] o.s.w.s.h.BeanNameUrlHandlerMapping      : Rejected bean name 'org.springframework.boot.autoconfigure.security.servlet.SecurityFilterAutoConfiguration': no URL paths identified
2018-06-26 14:03:03.643 DEBUG 4660 --- [restartedMain] o.s.w.s.h.BeanNameUrlHandlerMapping      : Rejected bean name 'securityFilterChainRegistration': no URL paths identified
2018-06-26 14:03:03.643 DEBUG 4660 --- [restartedMain] o.s.w.s.h.BeanNameUrlHandlerMapping      : Rejected bean name 'org.springframework.boot.autoconfigure.thymeleaf.ThymeleafAutoConfiguration$ThymeleafJava8TimeDialect': no URL paths identified
2018-06-26 14:03:03.643 DEBUG 4660 --- [restartedMain] o.s.w.s.h.BeanNameUrlHandlerMapping      : Rejected bean name 'java8TimeDialect': no URL paths identified
2018-06-26 14:03:03.643 DEBUG 4660 --- [restartedMain] o.s.w.s.h.BeanNameUrlHandlerMapping      : Rejected bean name 'org.springframework.boot.autoconfigure.thymeleaf.ThymeleafAutoConfiguration$ThymeleafWebMvcConfiguration$ThymeleafViewResolverConfiguration': no URL paths identified
2018-06-26 14:03:03.643 DEBUG 4660 --- [restartedMain] o.s.w.s.h.BeanNameUrlHandlerMapping      : Rejected bean name 'thymeleafViewResolver': no URL paths identified
2018-06-26 14:03:03.643 DEBUG 4660 --- [restartedMain] o.s.w.s.h.BeanNameUrlHandlerMapping      : Rejected bean name 'org.springframework.boot.autoconfigure.thymeleaf.ThymeleafAutoConfiguration$ThymeleafWebMvcConfiguration': no URL paths identified
2018-06-26 14:03:03.643 DEBUG 4660 --- [restartedMain] o.s.w.s.h.BeanNameUrlHandlerMapping      : Rejected bean name 'org.springframework.boot.autoconfigure.thymeleaf.ThymeleafAutoConfiguration$ThymeleafDefaultConfiguration': no URL paths identified
2018-06-26 14:03:03.643 DEBUG 4660 --- [restartedMain] o.s.w.s.h.BeanNameUrlHandlerMapping      : Rejected bean name 'templateEngine': no URL paths identified
2018-06-26 14:03:03.643 DEBUG 4660 --- [restartedMain] o.s.w.s.h.BeanNameUrlHandlerMapping      : Rejected bean name 'org.springframework.boot.autoconfigure.thymeleaf.ThymeleafAutoConfiguration$DefaultTemplateResolverConfiguration': no URL paths identified
2018-06-26 14:03:03.643 DEBUG 4660 --- [restartedMain] o.s.w.s.h.BeanNameUrlHandlerMapping      : Rejected bean name 'defaultTemplateResolver': no URL paths identified
2018-06-26 14:03:03.647 DEBUG 4660 --- [restartedMain] o.s.w.s.h.BeanNameUrlHandlerMapping      : Rejected bean name 'org.springframework.boot.autoconfigure.thymeleaf.ThymeleafAutoConfiguration': no URL paths identified
2018-06-26 14:03:03.647 DEBUG 4660 --- [restartedMain] o.s.w.s.h.BeanNameUrlHandlerMapping      : Rejected bean name 'spring.thymeleaf-org.springframework.boot.autoconfigure.thymeleaf.ThymeleafProperties': no URL paths identified
2018-06-26 14:03:03.647 DEBUG 4660 --- [restartedMain] o.s.w.s.h.BeanNameUrlHandlerMapping      : Rejected bean name 'org.springframework.boot.autoconfigure.jdbc.DataSourceTransactionManagerAutoConfiguration$DataSourceTransactionManagerConfiguration': no URL paths identified
2018-06-26 14:03:03.647 DEBUG 4660 --- [restartedMain] o.s.w.s.h.BeanNameUrlHandlerMapping      : Rejected bean name 'org.springframework.boot.autoconfigure.jdbc.DataSourceTransactionManagerAutoConfiguration': no URL paths identified
2018-06-26 14:03:03.647 DEBUG 4660 --- [restartedMain] o.s.w.s.h.BeanNameUrlHandlerMapping      : Rejected bean name 'org.springframework.transaction.annotation.ProxyTransactionManagementConfiguration': no URL paths identified
2018-06-26 14:03:03.647 DEBUG 4660 --- [restartedMain] o.s.w.s.h.BeanNameUrlHandlerMapping      : Rejected bean name 'org.springframework.transaction.config.internalTransactionAdvisor': no URL paths identified
2018-06-26 14:03:03.647 DEBUG 4660 --- [restartedMain] o.s.w.s.h.BeanNameUrlHandlerMapping      : Rejected bean name 'transactionAttributeSource': no URL paths identified
2018-06-26 14:03:03.647 DEBUG 4660 --- [restartedMain] o.s.w.s.h.BeanNameUrlHandlerMapping      : Rejected bean name 'transactionInterceptor': no URL paths identified
2018-06-26 14:03:03.647 DEBUG 4660 --- [restartedMain] o.s.w.s.h.BeanNameUrlHandlerMapping      : Rejected bean name 'org.springframework.transaction.config.internalTransactionalEventListenerFactory': no URL paths identified
2018-06-26 14:03:03.647 DEBUG 4660 --- [restartedMain] o.s.w.s.h.BeanNameUrlHandlerMapping      : Rejected bean name 'org.springframework.boot.autoconfigure.transaction.TransactionAutoConfiguration$EnableTransactionManagementConfiguration$CglibAutoProxyConfiguration': no URL paths identified
2018-06-26 14:03:03.647 DEBUG 4660 --- [restartedMain] o.s.w.s.h.BeanNameUrlHandlerMapping      : Rejected bean name 'org.springframework.boot.autoconfigure.transaction.TransactionAutoConfiguration$EnableTransactionManagementConfiguration': no URL paths identified
2018-06-26 14:03:03.647 DEBUG 4660 --- [restartedMain] o.s.w.s.h.BeanNameUrlHandlerMapping      : Rejected bean name 'org.springframework.boot.autoconfigure.transaction.TransactionAutoConfiguration$TransactionTemplateConfiguration': no URL paths identified
2018-06-26 14:03:03.647 DEBUG 4660 --- [restartedMain] o.s.w.s.h.BeanNameUrlHandlerMapping      : Rejected bean name 'transactionTemplate': no URL paths identified
2018-06-26 14:03:03.647 DEBUG 4660 --- [restartedMain] o.s.w.s.h.BeanNameUrlHandlerMapping      : Rejected bean name 'org.springframework.boot.autoconfigure.transaction.TransactionAutoConfiguration': no URL paths identified
2018-06-26 14:03:03.647 DEBUG 4660 --- [restartedMain] o.s.w.s.h.BeanNameUrlHandlerMapping      : Rejected bean name 'platformTransactionManagerCustomizers': no URL paths identified
2018-06-26 14:03:03.647 DEBUG 4660 --- [restartedMain] o.s.w.s.h.BeanNameUrlHandlerMapping      : Rejected bean name 'spring.transaction-org.springframework.boot.autoconfigure.transaction.TransactionProperties': no URL paths identified
2018-06-26 14:03:03.647 DEBUG 4660 --- [restartedMain] o.s.w.s.h.BeanNameUrlHandlerMapping      : Rejected bean name 'org.springframework.boot.autoconfigure.web.client.RestTemplateAutoConfiguration': no URL paths identified
2018-06-26 14:03:03.647 DEBUG 4660 --- [restartedMain] o.s.w.s.h.BeanNameUrlHandlerMapping      : Rejected bean name 'restTemplateBuilder': no URL paths identified
2018-06-26 14:03:03.647 DEBUG 4660 --- [restartedMain] o.s.w.s.h.BeanNameUrlHandlerMapping      : Rejected bean name 'org.springframework.boot.autoconfigure.web.embedded.EmbeddedWebServerFactoryCustomizerAutoConfiguration$TomcatWebServerFactoryCustomizerConfiguration': no URL paths identified
2018-06-26 14:03:03.647 DEBUG 4660 --- [restartedMain] o.s.w.s.h.BeanNameUrlHandlerMapping      : Rejected bean name 'tomcatWebServerFactoryCustomizer': no URL paths identified
2018-06-26 14:03:03.647 DEBUG 4660 --- [restartedMain] o.s.w.s.h.BeanNameUrlHandlerMapping      : Rejected bean name 'org.springframework.boot.autoconfigure.web.embedded.EmbeddedWebServerFactoryCustomizerAutoConfiguration': no URL paths identified
2018-06-26 14:03:03.647 DEBUG 4660 --- [restartedMain] o.s.w.s.h.BeanNameUrlHandlerMapping      : Rejected bean name 'org.springframework.boot.autoconfigure.web.servlet.HttpEncodingAutoConfiguration': no URL paths identified
2018-06-26 14:03:03.647 DEBUG 4660 --- [restartedMain] o.s.w.s.h.BeanNameUrlHandlerMapping      : Rejected bean name 'characterEncodingFilter': no URL paths identified
2018-06-26 14:03:03.647 DEBUG 4660 --- [restartedMain] o.s.w.s.h.BeanNameUrlHandlerMapping      : Rejected bean name 'localeCharsetMappingsCustomizer': no URL paths identified
2018-06-26 14:03:03.647 DEBUG 4660 --- [restartedMain] o.s.w.s.h.BeanNameUrlHandlerMapping      : Rejected bean name 'org.springframework.boot.autoconfigure.web.servlet.MultipartAutoConfiguration': no URL paths identified
2018-06-26 14:03:03.647 DEBUG 4660 --- [restartedMain] o.s.w.s.h.BeanNameUrlHandlerMapping      : Rejected bean name 'multipartConfigElement': no URL paths identified
2018-06-26 14:03:03.647 DEBUG 4660 --- [restartedMain] o.s.w.s.h.BeanNameUrlHandlerMapping      : Rejected bean name 'multipartResolver': no URL paths identified
2018-06-26 14:03:03.647 DEBUG 4660 --- [restartedMain] o.s.w.s.h.BeanNameUrlHandlerMapping      : Rejected bean name 'spring.servlet.multipart-org.springframework.boot.autoconfigure.web.servlet.MultipartProperties': no URL paths identified
2018-06-26 14:03:03.647 DEBUG 4660 --- [restartedMain] o.s.w.s.h.BeanNameUrlHandlerMapping      : Rejected bean name 'org.springframework.boot.devtools.autoconfigure.DevToolsDataSourceAutoConfiguration$DatabaseShutdownExecutorJpaDependencyConfiguration': no URL paths identified
2018-06-26 14:03:03.647 DEBUG 4660 --- [restartedMain] o.s.w.s.h.BeanNameUrlHandlerMapping      : Rejected bean name 'org.springframework.boot.devtools.autoconfigure.DevToolsDataSourceAutoConfiguration': no URL paths identified
2018-06-26 14:03:03.647 DEBUG 4660 --- [restartedMain] o.s.w.s.h.BeanNameUrlHandlerMapping      : Rejected bean name 'inMemoryDatabaseShutdownExecutor': no URL paths identified
2018-06-26 14:03:03.647 DEBUG 4660 --- [restartedMain] o.s.w.s.h.BeanNameUrlHandlerMapping      : Rejected bean name 'org.springframework.boot.devtools.autoconfigure.LocalDevToolsAutoConfiguration$RestartConfiguration': no URL paths identified
2018-06-26 14:03:03.647 DEBUG 4660 --- [restartedMain] o.s.w.s.h.BeanNameUrlHandlerMapping      : Rejected bean name 'classPathFileSystemWatcher': no URL paths identified
2018-06-26 14:03:03.647 DEBUG 4660 --- [restartedMain] o.s.w.s.h.BeanNameUrlHandlerMapping      : Rejected bean name 'classPathRestartStrategy': no URL paths identified
2018-06-26 14:03:03.647 DEBUG 4660 --- [restartedMain] o.s.w.s.h.BeanNameUrlHandlerMapping      : Rejected bean name 'hateoasObjenesisCacheDisabler': no URL paths identified
2018-06-26 14:03:03.647 DEBUG 4660 --- [restartedMain] o.s.w.s.h.BeanNameUrlHandlerMapping      : Rejected bean name 'fileSystemWatcherFactory': no URL paths identified
2018-06-26 14:03:03.647 DEBUG 4660 --- [restartedMain] o.s.w.s.h.BeanNameUrlHandlerMapping      : Rejected bean name 'conditionEvaluationDeltaLoggingListener': no URL paths identified
2018-06-26 14:03:03.647 DEBUG 4660 --- [restartedMain] o.s.w.s.h.BeanNameUrlHandlerMapping      : Rejected bean name 'org.springframework.boot.devtools.autoconfigure.LocalDevToolsAutoConfiguration$LiveReloadConfiguration': no URL paths identified
2018-06-26 14:03:03.647 DEBUG 4660 --- [restartedMain] o.s.w.s.h.BeanNameUrlHandlerMapping      : Rejected bean name 'liveReloadServer': no URL paths identified
2018-06-26 14:03:03.647 DEBUG 4660 --- [restartedMain] o.s.w.s.h.BeanNameUrlHandlerMapping      : Rejected bean name 'optionalLiveReloadServer': no URL paths identified
2018-06-26 14:03:03.647 DEBUG 4660 --- [restartedMain] o.s.w.s.h.BeanNameUrlHandlerMapping      : Rejected bean name 'liveReloadServerEventListener': no URL paths identified
2018-06-26 14:03:03.647 DEBUG 4660 --- [restartedMain] o.s.w.s.h.BeanNameUrlHandlerMapping      : Rejected bean name 'org.springframework.boot.devtools.autoconfigure.LocalDevToolsAutoConfiguration': no URL paths identified
2018-06-26 14:03:03.647 DEBUG 4660 --- [restartedMain] o.s.w.s.h.BeanNameUrlHandlerMapping      : Rejected bean name 'spring.devtools-org.springframework.boot.devtools.autoconfigure.DevToolsProperties': no URL paths identified
2018-06-26 14:03:03.647 DEBUG 4660 --- [restartedMain] o.s.w.s.h.BeanNameUrlHandlerMapping      : Rejected bean name 'org.springframework.orm.jpa.SharedEntityManagerCreator#0': no URL paths identified
2018-06-26 14:03:03.647 DEBUG 4660 --- [restartedMain] o.s.w.s.h.BeanNameUrlHandlerMapping      : Rejected bean name 'autoConfigurationReport': no URL paths identified
2018-06-26 14:03:03.647 DEBUG 4660 --- [restartedMain] o.s.w.s.h.BeanNameUrlHandlerMapping      : Rejected bean name 'org.springframework.boot.context.ContextIdApplicationContextInitializer$ContextId': no URL paths identified
2018-06-26 14:03:03.647 DEBUG 4660 --- [restartedMain] o.s.w.s.h.BeanNameUrlHandlerMapping      : Rejected bean name 'springApplicationArguments': no URL paths identified
2018-06-26 14:03:03.647 DEBUG 4660 --- [restartedMain] o.s.w.s.h.BeanNameUrlHandlerMapping      : Rejected bean name 'springBootBanner': no URL paths identified
2018-06-26 14:03:03.647 DEBUG 4660 --- [restartedMain] o.s.w.s.h.BeanNameUrlHandlerMapping      : Rejected bean name 'springBootLoggingSystem': no URL paths identified
2018-06-26 14:03:03.647 DEBUG 4660 --- [restartedMain] o.s.w.s.h.BeanNameUrlHandlerMapping      : Rejected bean name 'environment': no URL paths identified
2018-06-26 14:03:03.647 DEBUG 4660 --- [restartedMain] o.s.w.s.h.BeanNameUrlHandlerMapping      : Rejected bean name 'systemProperties': no URL paths identified
2018-06-26 14:03:03.647 DEBUG 4660 --- [restartedMain] o.s.w.s.h.BeanNameUrlHandlerMapping      : Rejected bean name 'systemEnvironment': no URL paths identified
2018-06-26 14:03:03.647 DEBUG 4660 --- [restartedMain] o.s.w.s.h.BeanNameUrlHandlerMapping      : Rejected bean name 'org.springframework.context.annotation.ConfigurationClassPostProcessor.importRegistry': no URL paths identified
2018-06-26 14:03:03.647 DEBUG 4660 --- [restartedMain] o.s.w.s.h.BeanNameUrlHandlerMapping      : Rejected bean name 'messageSource': no URL paths identified
2018-06-26 14:03:03.647 DEBUG 4660 --- [restartedMain] o.s.w.s.h.BeanNameUrlHandlerMapping      : Rejected bean name 'applicationEventMulticaster': no URL paths identified
2018-06-26 14:03:03.647 DEBUG 4660 --- [restartedMain] o.s.w.s.h.BeanNameUrlHandlerMapping      : Rejected bean name 'servletContext': no URL paths identified
2018-06-26 14:03:03.647 DEBUG 4660 --- [restartedMain] o.s.w.s.h.BeanNameUrlHandlerMapping      : Rejected bean name 'contextParameters': no URL paths identified
2018-06-26 14:03:03.647 DEBUG 4660 --- [restartedMain] o.s.w.s.h.BeanNameUrlHandlerMapping      : Rejected bean name 'contextAttributes': no URL paths identified
2018-06-26 14:03:03.649  INFO 4660 --- [restartedMain] o.s.w.s.handler.SimpleUrlHandlerMapping  : Mapped URL path [/webjars/**] onto handler of type [class org.springframework.web.servlet.resource.ResourceHttpRequestHandler]
2018-06-26 14:03:03.649  INFO 4660 --- [restartedMain] o.s.w.s.handler.SimpleUrlHandlerMapping  : Mapped URL path [/**] onto handler of type [class org.springframework.web.servlet.resource.ResourceHttpRequestHandler]
2018-06-26 14:03:03.652 DEBUG 4660 --- [restartedMain] .m.m.a.ExceptionHandlerExceptionResolver : Looking for exception mappings: org.springframework.boot.web.servlet.context.AnnotationConfigServletWebServerApplicationContext@71d7ee1d: startup date [Tue Jun 26 14:03:02 KST 2018]; root of context hierarchy
2018-06-26 14:03:03.671  INFO 4660 --- [restartedMain] o.s.b.a.w.s.WelcomePageHandlerMapping    : Adding welcome page template: index
2018-06-26 14:03:03.715  INFO 4660 --- [restartedMain] o.s.b.d.a.OptionalLiveReloadServer       : LiveReload server is running on port 35729
2018-06-26 14:03:03.732  INFO 4660 --- [restartedMain] o.s.j.e.a.AnnotationMBeanExporter        : Registering beans for JMX exposure on startup
2018-06-26 14:03:03.733  INFO 4660 --- [restartedMain] o.s.j.e.a.AnnotationMBeanExporter        : Bean with name 'dataSource' has been autodetected for JMX exposure
2018-06-26 14:03:03.736  INFO 4660 --- [restartedMain] o.s.j.e.a.AnnotationMBeanExporter        : Located MBean 'dataSource': registering with JMX server as MBean [com.zaxxer.hikari:name=dataSource,type=HikariDataSource]
2018-06-26 14:03:03.740 DEBUG 4660 --- [restartedMain] o.s.w.s.resource.ResourceUrlProvider     : Looking for resource handler mappings
2018-06-26 14:03:03.741 DEBUG 4660 --- [restartedMain] o.s.w.s.resource.ResourceUrlProvider     : Found resource handler mapping: URL pattern="/**/favicon.ico", locations=[class path resource [META-INF/resources/], class path resource [resources/], class path resource [static/], class path resource [public/], ServletContext resource [/], class path resource []], resolvers=[org.springframework.web.servlet.resource.PathResourceResolver@40fc701d]
2018-06-26 14:03:03.741 DEBUG 4660 --- [restartedMain] o.s.w.s.resource.ResourceUrlProvider     : Found resource handler mapping: URL pattern="/webjars/**", locations=[class path resource [META-INF/resources/webjars/]], resolvers=[org.springframework.web.servlet.resource.PathResourceResolver@50c97da1]
2018-06-26 14:03:03.741 DEBUG 4660 --- [restartedMain] o.s.w.s.resource.ResourceUrlProvider     : Found resource handler mapping: URL pattern="/**", locations=[class path resource [META-INF/resources/], class path resource [resources/], class path resource [static/], class path resource [public/], ServletContext resource [/]], resolvers=[org.springframework.web.servlet.resource.PathResourceResolver@3cb88e82]
2018-06-26 14:03:03.744  INFO 4660 --- [restartedMain] o.s.b.w.embedded.tomcat.TomcatWebServer  : Tomcat started on port(s): 8080 (http) with context path ''
2018-06-26 14:03:03.745 DEBUG 4660 --- [restartedMain] o.s.w.c.s.StandardServletEnvironment     : Adding PropertySource 'server.ports' with highest search precedence
2018-06-26 14:03:03.745  INFO 4660 --- [restartedMain] com.example.demo.Application             : Started Application in 0.914 seconds (JVM running for 29.391)
2018-06-26 14:03:03.748  INFO 4660 --- [restartedMain] .ConditionEvaluationDeltaLoggingListener : Condition evaluation unchanged
2018-06-26 14:49:34.719  INFO 4660 --- [RMI TCP Connection(2)-127.0.0.1] inMXBeanRegistrar$SpringApplicationAdmin : Application shutdown requested.
2018-06-26 14:49:34.722  INFO 4660 --- [RMI TCP Connection(2)-127.0.0.1] ConfigServletWebServerApplicationContext : Closing org.springframework.boot.web.servlet.context.AnnotationConfigServletWebServerApplicationContext@71d7ee1d: startup date [Tue Jun 26 14:03:02 KST 2018]; root of context hierarchy
2018-06-26 14:49:34.747  INFO 4660 --- [RMI TCP Connection(2)-127.0.0.1] o.s.j.e.a.AnnotationMBeanExporter        : Unregistering JMX-exposed beans on shutdown
2018-06-26 14:49:34.747  INFO 4660 --- [RMI TCP Connection(2)-127.0.0.1] o.s.j.e.a.AnnotationMBeanExporter        : Unregistering JMX-exposed beans
2018-06-26 14:49:34.750  INFO 4660 --- [RMI TCP Connection(2)-127.0.0.1] j.LocalContainerEntityManagerFactoryBean : Closing JPA EntityManagerFactory for persistence unit 'default'
2018-06-26 14:49:34.757  INFO 4660 --- [RMI TCP Connection(2)-127.0.0.1] com.zaxxer.hikari.HikariDataSource       : HikariPool-2 - Shutdown initiated...
2018-06-26 14:49:34.762  INFO 4660 --- [RMI TCP Connection(2)-127.0.0.1] com.zaxxer.hikari.HikariDataSource       : HikariPool-2 - Shutdown completed.
